生成启动时间为 2017/9/10 14:55:02。
     1>项目“E:\projects\OpenGL-Project\OpenGL的路32-Instancing(用InstanceArray)\OpenGL\OpenGL.vcxproj”在节点 2 上(build 个目标)。
     1>InitializeBuildStatus:
         正在创建“Debug\OpenGL.unsuccessfulbuild”，因为已指定“AlwaysCreate”。
       ClCompile:
         D:\software\VS2010\VC\bin\CL.exe /c /ZI /nologo /W3 /WX- /Od /Oy- /D _MBCS /Gm /EHsc /RTC1 /MDd /GS /fp:precise /Zc:wchar_t /Zc:forScope /Fo"Debug\\" /Fd"Debug\vc100.pdb" /Gd /TP /analyze- /errorReport:prompt Main.cpp
         Main.cpp
     1>e:\projects\opengl-project\opengl的路32-instancing(用instancearray)\opengl\mat.h(10): warning C4067: 预处理器指令后有意外标记 - 应输入换行符
     1>e:\projects\opengl-project\opengl的路32-instancing(用instancearray)\opengl\mat.h(14): warning C4067: 预处理器指令后有意外标记 - 应输入换行符
     1>e:\projects\opengl-project\opengl的路32-instancing(用instancearray)\opengl\main.cpp(97): warning C4244: “参数”: 从“int”转换到“const float”，可能丢失数据
     1>e:\projects\opengl-project\opengl的路32-instancing(用instancearray)\opengl\main.cpp(98): warning C4244: “参数”: 从“int”转换到“const float”，可能丢失数据
     1>e:\projects\opengl-project\opengl的路32-instancing(用instancearray)\opengl\main.cpp(173): warning C4244: “=”: 从“double”转换到“float”，可能丢失数据
     1>e:\projects\opengl-project\opengl的路32-instancing(用instancearray)\opengl\main.cpp(174): warning C4244: “=”: 从“double”转换到“float”，可能丢失数据
     1>e:\projects\opengl-project\opengl的路32-instancing(用instancearray)\opengl\main.cpp(175): warning C4244: “=”: 从“double”转换到“float”，可能丢失数据
     1>e:\projects\opengl-project\opengl的路32-instancing(用instancearray)\opengl\main.cpp(187): warning C4305: “参数”: 从“double”到“float”截断
     1>e:\projects\opengl-project\opengl的路32-instancing(用instancearray)\opengl\main.cpp(246): warning C4244: “=”: 从“int”转换到“float”，可能丢失数据
     1>e:\projects\opengl-project\opengl的路32-instancing(用instancearray)\opengl\main.cpp(260): warning C4244: “=”: 从“double”转换到“float”，可能丢失数据
     1>e:\projects\opengl-project\opengl的路32-instancing(用instancearray)\opengl\main.cpp(261): warning C4244: “=”: 从“double”转换到“float”，可能丢失数据
     1>e:\projects\opengl-project\opengl的路32-instancing(用instancearray)\opengl\main.cpp(265): warning C4244: “初始化”: 从“double”转换到“float”，可能丢失数据
     1>e:\projects\opengl-project\opengl的路32-instancing(用instancearray)\opengl\main.cpp(266): warning C4244: “初始化”: 从“double”转换到“float”，可能丢失数据
     1>e:\projects\opengl-project\opengl的路32-instancing(用instancearray)\opengl\main.cpp(267): warning C4244: “=”: 从“double”转换到“float”，可能丢失数据
     1>e:\projects\opengl-project\opengl的路32-instancing(用instancearray)\opengl\main.cpp(268): warning C4244: “=”: 从“double”转换到“float”，可能丢失数据
     1>e:\projects\opengl-project\opengl的路32-instancing(用instancearray)\opengl\main.cpp(403): warning C4244: “初始化”: 从“double”转换到“float”，可能丢失数据
       Link:
         D:\software\VS2010\VC\bin\link.exe /ERRORREPORT:PROMPT /OUT:"E:\projects\OpenGL-Project\OpenGL的路32-Instancing(用InstanceArray)\Debug\OpenGL.exe" /NOLOGO opengl32.lib glfw3.lib glew32.lib kernel32.lib user32.lib gdi32.lib winspool.lib comdlg32.lib advapi32.lib shell32.lib ole32.lib oleaut32.lib uuid.lib odbc32.lib odbccp32.lib /MANIFEST /ManifestFile:"Debug\OpenGL.exe.intermediate.manifest" /MANIFESTUAC:"level='asInvoker' uiAccess='false'" /DEBUG /PDB:"E:\projects\OpenGL-Project\OpenGL的路32-Instancing(用InstanceArray)\Debug\OpenGL.pdb" /TLBID:1 /DYNAMICBASE /NXCOMPAT /IMPLIB:"E:\projects\OpenGL-Project\OpenGL的路32-Instancing(用InstanceArray)\Debug\OpenGL.lib" /MACHINE:X86 Debug\Main.obj
         Debug\mat.obj
         Debug\Shader.obj
         Debug\Texture.obj
         glew32.lib
         glfw3.lib
         LINK : 没有找到 E:\projects\OpenGL-Project\OpenGL的路32-Instancing(用InstanceArray)\Debug\OpenGL.exe 或上一个增量链接没有生成它；正在执行完全链接
     1>LINK : warning LNK4098: 默认库“MSVCRT”与其他库的使用冲突；请使用 /NODEFAULTLIB:library
         OpenGL.vcxproj -> E:\projects\OpenGL-Project\OpenGL的路32-Instancing(用InstanceArray)\Debug\OpenGL.exe
       Manifest:
         c:\Program Files (x86)\Microsoft SDKs\Windows\v7.0A\bin\mt.exe /nologo /verbose /outputresource:"E:\projects\OpenGL-Project\OpenGL的路32-Instancing(用InstanceArray)\Debug\OpenGL.exe;#1" /manifest Debug\OpenGL.exe.intermediate.manifest
       FinalizeBuildStatus:
         正在删除文件“Debug\OpenGL.unsuccessfulbuild”。
         正在对“Debug\OpenGL.lastbuildstate”执行 Touch 任务。
     1>已完成生成项目“E:\projects\OpenGL-Project\OpenGL的路32-Instancing(用InstanceArray)\OpenGL\OpenGL.vcxproj”(build 个目标)的操作。

生成成功。

已用时间 00:00:00.97
