E:\PROJECTS\OPENGL-PROJECT\OPENGL的路20-深度缓存\DEBUG\OPENGL.EXE
E:\PROJECTS\OPENGL-PROJECT\OPENGL的路20-深度缓存\DEBUG\OPENGL.ILK
E:\PROJECTS\OPENGL-PROJECT\OPENGL的路20-深度缓存\DEBUG\OPENGL.PDB
E:\PROJECTS\OPENGL-PROJECT\OPENGL的路20-深度缓存\OPENGL\DEBUG\MAIN.OBJ
E:\PROJECTS\OPENGL-PROJECT\OPENGL的路20-深度缓存\OPENGL\DEBUG\MAT.OBJ
E:\PROJECTS\OPENGL-PROJECT\OPENGL的路20-深度缓存\OPENGL\DEBUG\OPENGL.EXE.INTERMEDIATE.MANIFEST
E:\PROJECTS\OPENGL-PROJECT\OPENGL的路20-深度缓存\OPENGL\DEBUG\SHADER.OBJ
E:\PROJECTS\OPENGL-PROJECT\OPENGL的路20-深度缓存\OPENGL\DEBUG\TEXTURE.OBJ
E:\PROJECTS\OPENGL-PROJECT\OPENGL的路20-深度缓存\OPENGL\DEBUG\VC100.PDB
E:\PROJECTS\OPENGL-PROJECT\OPENGL的路22-DISCARDFRAGMENT\DEBUG\OPENGL.EXE
E:\PROJECTS\OPENGL-PROJECT\OPENGL的路22-DISCARDFRAGMENT\DEBUG\OPENGL.ILK
E:\PROJECTS\OPENGL-PROJECT\OPENGL的路22-DISCARDFRAGMENT\DEBUG\OPENGL.PDB
E:\PROJECTS\OPENGL-PROJECT\OPENGL的路22-DISCARDFRAGMENT\OPENGL\DEBUG\MAIN.OBJ
E:\PROJECTS\OPENGL-PROJECT\OPENGL的路22-DISCARDFRAGMENT\OPENGL\DEBUG\MAT.OBJ
E:\PROJECTS\OPENGL-PROJECT\OPENGL的路22-DISCARDFRAGMENT\OPENGL\DEBUG\OPENGL.EXE.INTERMEDIATE.MANIFEST
E:\PROJECTS\OPENGL-PROJECT\OPENGL的路22-DISCARDFRAGMENT\OPENGL\DEBUG\SHADER.OBJ
E:\PROJECTS\OPENGL-PROJECT\OPENGL的路22-DISCARDFRAGMENT\OPENGL\DEBUG\TEXTURE.OBJ
E:\PROJECTS\OPENGL-PROJECT\OPENGL的路22-DISCARDFRAGMENT\OPENGL\DEBUG\VC100.PDB
E:\projects\OpenGL-Project\OpenGL的路32-Instancing(用InstanceArray)\Debug\OpenGL.exe
E:\projects\OpenGL-Project\OpenGL的路32-Instancing(用InstanceArray)\Debug\OpenGL.ilk
E:\projects\OpenGL-Project\OpenGL的路32-Instancing(用InstanceArray)\Debug\OpenGL.pdb
E:\projects\OpenGL-Project\OpenGL的路32-Instancing(用InstanceArray)\OpenGL\Debug\cl.command.1.tlog
E:\projects\OpenGL-Project\OpenGL的路32-Instancing(用InstanceArray)\OpenGL\Debug\CL.read.1.tlog
E:\projects\OpenGL-Project\OpenGL的路32-Instancing(用InstanceArray)\OpenGL\Debug\CL.write.1.tlog
E:\projects\OpenGL-Project\OpenGL的路32-Instancing(用InstanceArray)\OpenGL\Debug\link.command.1.tlog
E:\projects\OpenGL-Project\OpenGL的路32-Instancing(用InstanceArray)\OpenGL\Debug\link.read.1.tlog
E:\projects\OpenGL-Project\OpenGL的路32-Instancing(用InstanceArray)\OpenGL\Debug\link.write.1.tlog
E:\projects\OpenGL-Project\OpenGL的路32-Instancing(用InstanceArray)\OpenGL\Debug\Main.obj
E:\projects\OpenGL-Project\OpenGL的路32-Instancing(用InstanceArray)\OpenGL\Debug\mat.obj
E:\projects\OpenGL-Project\OpenGL的路32-Instancing(用InstanceArray)\OpenGL\Debug\mt.command.1.tlog
E:\projects\OpenGL-Project\OpenGL的路32-Instancing(用InstanceArray)\OpenGL\Debug\mt.read.1.tlog
E:\projects\OpenGL-Project\OpenGL的路32-Instancing(用InstanceArray)\OpenGL\Debug\mt.write.1.tlog
E:\projects\OpenGL-Project\OpenGL的路32-Instancing(用InstanceArray)\OpenGL\Debug\OpenGL.exe.intermediate.manifest
E:\projects\OpenGL-Project\OpenGL的路32-Instancing(用InstanceArray)\OpenGL\Debug\OpenGL.vcxprojResolveAssemblyReference.cache
E:\projects\OpenGL-Project\OpenGL的路32-Instancing(用InstanceArray)\OpenGL\Debug\OpenGL.write.1.tlog
E:\projects\OpenGL-Project\OpenGL的路32-Instancing(用InstanceArray)\OpenGL\Debug\Shader.obj
E:\projects\OpenGL-Project\OpenGL的路32-Instancing(用InstanceArray)\OpenGL\Debug\Texture.obj
E:\projects\OpenGL-Project\OpenGL的路32-Instancing(用InstanceArray)\OpenGL\Debug\vc100.idb
E:\projects\OpenGL-Project\OpenGL的路32-Instancing(用InstanceArray)\OpenGL\Debug\vc100.pdb
