E:\PROJECTS\OPENGL-PROJECT\OPENGL的路14-简单光照(MATERIAL)\DEBUG\OPENGL.EXE
E:\PROJECTS\OPENGL-PROJECT\OPENGL的路14-简单光照(MATERIAL)\DEBUG\OPENGL.ILK
E:\PROJECTS\OPENGL-PROJECT\OPENGL的路14-简单光照(MATERIAL)\DEBUG\OPENGL.PDB
E:\PROJECTS\OPENGL-PROJECT\OPENGL的路14-简单光照(MATERIAL)\OPENGL\DEBUG\MAIN.OBJ
E:\PROJECTS\OPENGL-PROJECT\OPENGL的路14-简单光照(MATERIAL)\OPENGL\DEBUG\MAT.OBJ
E:\PROJECTS\OPENGL-PROJECT\OPENGL的路14-简单光照(MATERIAL)\OPENGL\DEBUG\OPENGL.EXE.INTERMEDIATE.MANIFEST
E:\PROJECTS\OPENGL-PROJECT\OPENGL的路14-简单光照(MATERIAL)\OPENGL\DEBUG\SHADER.OBJ
E:\PROJECTS\OPENGL-PROJECT\OPENGL的路14-简单光照(MATERIAL)\OPENGL\DEBUG\VC100.PDB
E:\PROJECTS\OPENGL-PROJECT\OPENGL的路15-DIFFUSE AND SPECULAR MAPS\DEBUG\OPENGL.EXE
E:\PROJECTS\OPENGL-PROJECT\OPENGL的路15-DIFFUSE AND SPECULAR MAPS\DEBUG\OPENGL.ILK
E:\PROJECTS\OPENGL-PROJECT\OPENGL的路15-DIFFUSE AND SPECULAR MAPS\DEBUG\OPENGL.PDB
E:\PROJECTS\OPENGL-PROJECT\OPENGL的路15-DIFFUSE AND SPECULAR MAPS\OPENGL\DEBUG\MAIN.OBJ
E:\PROJECTS\OPENGL-PROJECT\OPENGL的路15-DIFFUSE AND SPECULAR MAPS\OPENGL\DEBUG\MAT.OBJ
E:\PROJECTS\OPENGL-PROJECT\OPENGL的路15-DIFFUSE AND SPECULAR MAPS\OPENGL\DEBUG\OPENGL.EXE.INTERMEDIATE.MANIFEST
E:\PROJECTS\OPENGL-PROJECT\OPENGL的路15-DIFFUSE AND SPECULAR MAPS\OPENGL\DEBUG\SHADER.OBJ
E:\PROJECTS\OPENGL-PROJECT\OPENGL的路15-DIFFUSE AND SPECULAR MAPS\OPENGL\DEBUG\TEXTURE.OBJ
E:\PROJECTS\OPENGL-PROJECT\OPENGL的路15-DIFFUSE AND SPECULAR MAPS\OPENGL\DEBUG\VC100.PDB
E:\PROJECTS\OPENGL-PROJECT\OPENGL的路16-DIFFUSE AND SPECULAR MAPS(WITH EMISSION  MAPS)\DEBUG\OPENGL.EXE
E:\PROJECTS\OPENGL-PROJECT\OPENGL的路16-DIFFUSE AND SPECULAR MAPS(WITH EMISSION  MAPS)\DEBUG\OPENGL.ILK
E:\PROJECTS\OPENGL-PROJECT\OPENGL的路16-DIFFUSE AND SPECULAR MAPS(WITH EMISSION  MAPS)\DEBUG\OPENGL.PDB
E:\PROJECTS\OPENGL-PROJECT\OPENGL的路16-DIFFUSE AND SPECULAR MAPS(WITH EMISSION  MAPS)\OPENGL\DEBUG\MAIN.OBJ
E:\PROJECTS\OPENGL-PROJECT\OPENGL的路16-DIFFUSE AND SPECULAR MAPS(WITH EMISSION  MAPS)\OPENGL\DEBUG\MAT.OBJ
E:\PROJECTS\OPENGL-PROJECT\OPENGL的路16-DIFFUSE AND SPECULAR MAPS(WITH EMISSION  MAPS)\OPENGL\DEBUG\OPENGL.EXE.INTERMEDIATE.MANIFEST
E:\PROJECTS\OPENGL-PROJECT\OPENGL的路16-DIFFUSE AND SPECULAR MAPS(WITH EMISSION  MAPS)\OPENGL\DEBUG\SHADER.OBJ
E:\PROJECTS\OPENGL-PROJECT\OPENGL的路16-DIFFUSE AND SPECULAR MAPS(WITH EMISSION  MAPS)\OPENGL\DEBUG\TEXTURE.OBJ
E:\PROJECTS\OPENGL-PROJECT\OPENGL的路16-DIFFUSE AND SPECULAR MAPS(WITH EMISSION  MAPS)\OPENGL\DEBUG\VC100.PDB
E:\PROJECTS\OPENGL-PROJECT\OPENGL的路17-SPLASH(一种特殊的SPOTLIGHT)\DEBUG\OPENGL.EXE
E:\PROJECTS\OPENGL-PROJECT\OPENGL的路17-SPLASH(一种特殊的SPOTLIGHT)\DEBUG\OPENGL.ILK
E:\PROJECTS\OPENGL-PROJECT\OPENGL的路17-SPLASH(一种特殊的SPOTLIGHT)\DEBUG\OPENGL.PDB
E:\projects\OpenGL-Project\OpenGL的路17-Splash(一种特殊的SpotLight)\OpenGL\Debug\cl.command.1.tlog
E:\projects\OpenGL-Project\OpenGL的路17-Splash(一种特殊的SpotLight)\OpenGL\Debug\CL.read.1.tlog
E:\projects\OpenGL-Project\OpenGL的路17-Splash(一种特殊的SpotLight)\OpenGL\Debug\CL.write.1.tlog
E:\projects\OpenGL-Project\OpenGL的路17-Splash(一种特殊的SpotLight)\OpenGL\Debug\link.command.1.tlog
E:\projects\OpenGL-Project\OpenGL的路17-Splash(一种特殊的SpotLight)\OpenGL\Debug\link.read.1.tlog
E:\projects\OpenGL-Project\OpenGL的路17-Splash(一种特殊的SpotLight)\OpenGL\Debug\link.write.1.tlog
E:\PROJECTS\OPENGL-PROJECT\OPENGL的路17-SPLASH(一种特殊的SPOTLIGHT)\OPENGL\DEBUG\MAIN.OBJ
E:\PROJECTS\OPENGL-PROJECT\OPENGL的路17-SPLASH(一种特殊的SPOTLIGHT)\OPENGL\DEBUG\MAT.OBJ
E:\projects\OpenGL-Project\OpenGL的路17-Splash(一种特殊的SpotLight)\OpenGL\Debug\mt.command.1.tlog
E:\projects\OpenGL-Project\OpenGL的路17-Splash(一种特殊的SpotLight)\OpenGL\Debug\mt.read.1.tlog
E:\projects\OpenGL-Project\OpenGL的路17-Splash(一种特殊的SpotLight)\OpenGL\Debug\mt.write.1.tlog
E:\PROJECTS\OPENGL-PROJECT\OPENGL的路17-SPLASH(一种特殊的SPOTLIGHT)\OPENGL\DEBUG\OPENGL.EXE.INTERMEDIATE.MANIFEST
E:\projects\OpenGL-Project\OpenGL的路17-Splash(一种特殊的SpotLight)\OpenGL\Debug\OpenGL.vcxprojResolveAssemblyReference.cache
E:\projects\OpenGL-Project\OpenGL的路17-Splash(一种特殊的SpotLight)\OpenGL\Debug\OpenGL.write.1.tlog
E:\PROJECTS\OPENGL-PROJECT\OPENGL的路17-SPLASH(一种特殊的SPOTLIGHT)\OPENGL\DEBUG\SHADER.OBJ
E:\PROJECTS\OPENGL-PROJECT\OPENGL的路17-SPLASH(一种特殊的SPOTLIGHT)\OPENGL\DEBUG\TEXTURE.OBJ
E:\projects\OpenGL-Project\OpenGL的路17-Splash(一种特殊的SpotLight)\OpenGL\Debug\vc100.idb
E:\PROJECTS\OPENGL-PROJECT\OPENGL的路17-SPLASH(一种特殊的SPOTLIGHT)\OPENGL\DEBUG\VC100.PDB
E:\PROJECTS\OPENGL-PROJECT\OPENGL的路17-点光源 平行光源和聚光灯\DEBUG\OPENGL.EXE
E:\PROJECTS\OPENGL-PROJECT\OPENGL的路17-点光源 平行光源和聚光灯\DEBUG\OPENGL.ILK
E:\PROJECTS\OPENGL-PROJECT\OPENGL的路17-点光源 平行光源和聚光灯\DEBUG\OPENGL.PDB
E:\PROJECTS\OPENGL-PROJECT\OPENGL的路17-点光源 平行光源和聚光灯\OPENGL\DEBUG\MAIN.OBJ
E:\PROJECTS\OPENGL-PROJECT\OPENGL的路17-点光源 平行光源和聚光灯\OPENGL\DEBUG\MAT.OBJ
E:\PROJECTS\OPENGL-PROJECT\OPENGL的路17-点光源 平行光源和聚光灯\OPENGL\DEBUG\OPENGL.EXE.INTERMEDIATE.MANIFEST
E:\PROJECTS\OPENGL-PROJECT\OPENGL的路17-点光源 平行光源和聚光灯\OPENGL\DEBUG\SHADER.OBJ
E:\PROJECTS\OPENGL-PROJECT\OPENGL的路17-点光源 平行光源和聚光灯\OPENGL\DEBUG\TEXTURE.OBJ
E:\PROJECTS\OPENGL-PROJECT\OPENGL的路17-点光源 平行光源和聚光灯\OPENGL\DEBUG\VC100.PDB
