C:\USERS\SMALLPI\DOCUMENTS\VISUAL STUDIO 2010\OPENGL-PROJECT\OPENGL的路09-相机_真正的3D\DEBUG\OPENGL.EXE
C:\USERS\SMALLPI\DOCUMENTS\VISUAL STUDIO 2010\OPENGL-PROJECT\OPENGL的路09-相机_真正的3D\DEBUG\OPENGL.ILK
C:\USERS\SMALLPI\DOCUMENTS\VISUAL STUDIO 2010\OPENGL-PROJECT\OPENGL的路09-相机_真正的3D\DEBUG\OPENGL.PDB
C:\USERS\SMALLPI\DOCUMENTS\VISUAL STUDIO 2010\OPENGL-PROJECT\OPENGL的路09-相机_真正的3D\OPENGL\DEBUG\MAIN.OBJ
C:\USERS\SMALLPI\DOCUMENTS\VISUAL STUDIO 2010\OPENGL-PROJECT\OPENGL的路09-相机_真正的3D\OPENGL\DEBUG\MAT.OBJ
C:\USERS\SMALLPI\DOCUMENTS\VISUAL STUDIO 2010\OPENGL-PROJECT\OPENGL的路09-相机_真正的3D\OPENGL\DEBUG\OPENGL.EXE.INTERMEDIATE.MANIFEST
C:\USERS\SMALLPI\DOCUMENTS\VISUAL STUDIO 2010\OPENGL-PROJECT\OPENGL的路09-相机_真正的3D\OPENGL\DEBUG\SHADER.OBJ
C:\USERS\SMALLPI\DOCUMENTS\VISUAL STUDIO 2010\OPENGL-PROJECT\OPENGL的路09-相机_真正的3D\OPENGL\DEBUG\VC100.PDB
E:\PROJECTS\OPENGL-PROJECT\OPENGL的路09-相机_真正的3D\DEBUG\OPENGL.EXE
E:\PROJECTS\OPENGL-PROJECT\OPENGL的路09-相机_真正的3D\DEBUG\OPENGL.ILK
E:\PROJECTS\OPENGL-PROJECT\OPENGL的路09-相机_真正的3D\DEBUG\OPENGL.PDB
E:\projects\OpenGL-Project\OpenGL的路09-相机_真正的3D\OpenGL\Debug\cl.command.1.tlog
E:\projects\OpenGL-Project\OpenGL的路09-相机_真正的3D\OpenGL\Debug\CL.read.1.tlog
E:\projects\OpenGL-Project\OpenGL的路09-相机_真正的3D\OpenGL\Debug\CL.write.1.tlog
E:\projects\OpenGL-Project\OpenGL的路09-相机_真正的3D\OpenGL\Debug\link.command.1.tlog
E:\projects\OpenGL-Project\OpenGL的路09-相机_真正的3D\OpenGL\Debug\link.read.1.tlog
E:\projects\OpenGL-Project\OpenGL的路09-相机_真正的3D\OpenGL\Debug\link.write.1.tlog
E:\PROJECTS\OPENGL-PROJECT\OPENGL的路09-相机_真正的3D\OPENGL\DEBUG\MAIN.OBJ
E:\PROJECTS\OPENGL-PROJECT\OPENGL的路09-相机_真正的3D\OPENGL\DEBUG\MAT.OBJ
E:\projects\OpenGL-Project\OpenGL的路09-相机_真正的3D\OpenGL\Debug\mt.command.1.tlog
E:\projects\OpenGL-Project\OpenGL的路09-相机_真正的3D\OpenGL\Debug\mt.read.1.tlog
E:\projects\OpenGL-Project\OpenGL的路09-相机_真正的3D\OpenGL\Debug\mt.write.1.tlog
E:\PROJECTS\OPENGL-PROJECT\OPENGL的路09-相机_真正的3D\OPENGL\DEBUG\OPENGL.EXE.INTERMEDIATE.MANIFEST
E:\projects\OpenGL-Project\OpenGL的路09-相机_真正的3D\OpenGL\Debug\OpenGL.vcxprojResolveAssemblyReference.cache
E:\projects\OpenGL-Project\OpenGL的路09-相机_真正的3D\OpenGL\Debug\OpenGL.write.1.tlog
E:\PROJECTS\OPENGL-PROJECT\OPENGL的路09-相机_真正的3D\OPENGL\DEBUG\SHADER.OBJ
E:\projects\OpenGL-Project\OpenGL的路09-相机_真正的3D\OpenGL\Debug\vc100.idb
E:\PROJECTS\OPENGL-PROJECT\OPENGL的路09-相机_真正的3D\OPENGL\DEBUG\VC100.PDB
