生成启动时间为 2017/8/31 16:40:41。
     1>项目“E:\projects\OpenGL-Project\OpenGL的路25-FrameBuffer(可用于后置处理)\OpenGL\OpenGL.vcxproj”在节点 2 上(rebuild 个目标)。
     1>_PrepareForClean:
         正在删除文件“Debug\OpenGL.lastbuildstate”。
       InitializeBuildStatus:
         正在创建“Debug\OpenGL.unsuccessfulbuild”，因为已指定“AlwaysCreate”。
       ClCompile:
         D:\software\VS2010\VC\bin\CL.exe /c /ZI /nologo /W3 /WX- /Od /Oy- /D _MBCS /Gm /EHsc /RTC1 /MDd /GS /fp:precise /Zc:wchar_t /Zc:forScope /Fo"Debug\\" /Fd"Debug\vc100.pdb" /Gd /TP /analyze- /errorReport:prompt Main.cpp mat.cpp Shader.cpp Texture.cpp
         Texture.cpp
         Shader.cpp
         mat.cpp
     1>e:\projects\opengl-project\opengl的路25-framebuffer(可用于后置处理)\opengl\mat.h(10): warning C4067: 预处理器指令后有意外标记 - 应输入换行符
     1>e:\projects\opengl-project\opengl的路25-framebuffer(可用于后置处理)\opengl\mat.h(14): warning C4067: 预处理器指令后有意外标记 - 应输入换行符
         Main.cpp
     1>e:\projects\opengl-project\opengl的路25-framebuffer(可用于后置处理)\opengl\mat.h(10): warning C4067: 预处理器指令后有意外标记 - 应输入换行符
     1>e:\projects\opengl-project\opengl的路25-framebuffer(可用于后置处理)\opengl\mat.h(14): warning C4067: 预处理器指令后有意外标记 - 应输入换行符
     1>e:\projects\opengl-project\opengl的路25-framebuffer(可用于后置处理)\opengl\main.cpp(247): warning C4244: “=”: 从“double”转换到“float”，可能丢失数据
     1>e:\projects\opengl-project\opengl的路25-framebuffer(可用于后置处理)\opengl\main.cpp(248): warning C4244: “=”: 从“double”转换到“float”，可能丢失数据
     1>e:\projects\opengl-project\opengl的路25-framebuffer(可用于后置处理)\opengl\main.cpp(249): warning C4244: “=”: 从“double”转换到“float”，可能丢失数据
     1>e:\projects\opengl-project\opengl的路25-framebuffer(可用于后置处理)\opengl\main.cpp(261): warning C4305: “参数”: 从“double”到“float”截断
     1>e:\projects\opengl-project\opengl的路25-framebuffer(可用于后置处理)\opengl\main.cpp(358): warning C4244: “=”: 从“int”转换到“float”，可能丢失数据
     1>e:\projects\opengl-project\opengl的路25-framebuffer(可用于后置处理)\opengl\main.cpp(372): warning C4244: “=”: 从“double”转换到“float”，可能丢失数据
     1>e:\projects\opengl-project\opengl的路25-framebuffer(可用于后置处理)\opengl\main.cpp(373): warning C4244: “=”: 从“double”转换到“float”，可能丢失数据
     1>e:\projects\opengl-project\opengl的路25-framebuffer(可用于后置处理)\opengl\main.cpp(377): warning C4244: “初始化”: 从“double”转换到“float”，可能丢失数据
     1>e:\projects\opengl-project\opengl的路25-framebuffer(可用于后置处理)\opengl\main.cpp(378): warning C4244: “初始化”: 从“double”转换到“float”，可能丢失数据
     1>e:\projects\opengl-project\opengl的路25-framebuffer(可用于后置处理)\opengl\main.cpp(379): warning C4244: “=”: 从“double”转换到“float”，可能丢失数据
     1>e:\projects\opengl-project\opengl的路25-framebuffer(可用于后置处理)\opengl\main.cpp(380): warning C4244: “=”: 从“double”转换到“float”，可能丢失数据
     1>e:\projects\opengl-project\opengl的路25-framebuffer(可用于后置处理)\opengl\main.cpp(515): warning C4244: “初始化”: 从“double”转换到“float”，可能丢失数据
         正在生成代码...
       Link:
         D:\software\VS2010\VC\bin\link.exe /ERRORREPORT:PROMPT /OUT:"E:\projects\OpenGL-Project\OpenGL的路25-FrameBuffer(可用于后置处理)\Debug\OpenGL.exe" /NOLOGO opengl32.lib glfw3.lib glew32.lib kernel32.lib user32.lib gdi32.lib winspool.lib comdlg32.lib advapi32.lib shell32.lib ole32.lib oleaut32.lib uuid.lib odbc32.lib odbccp32.lib /MANIFEST /ManifestFile:"Debug\OpenGL.exe.intermediate.manifest" /MANIFESTUAC:"level='asInvoker' uiAccess='false'" /DEBUG /PDB:"E:\projects\OpenGL-Project\OpenGL的路25-FrameBuffer(可用于后置处理)\Debug\OpenGL.pdb" /TLBID:1 /DYNAMICBASE /NXCOMPAT /IMPLIB:"E:\projects\OpenGL-Project\OpenGL的路25-FrameBuffer(可用于后置处理)\Debug\OpenGL.lib" /MACHINE:X86 Debug\Main.obj
         Debug\mat.obj
         Debug\Shader.obj
         Debug\Texture.obj
         glew32.lib
         glfw3.lib
     1>LINK : warning LNK4098: 默认库“MSVCRT”与其他库的使用冲突；请使用 /NODEFAULTLIB:library
         OpenGL.vcxproj -> E:\projects\OpenGL-Project\OpenGL的路25-FrameBuffer(可用于后置处理)\Debug\OpenGL.exe
       Manifest:
         c:\Program Files (x86)\Microsoft SDKs\Windows\v7.0A\bin\mt.exe /nologo /verbose /outputresource:"E:\projects\OpenGL-Project\OpenGL的路25-FrameBuffer(可用于后置处理)\Debug\OpenGL.exe;#1" /manifest Debug\OpenGL.exe.intermediate.manifest
       FinalizeBuildStatus:
         正在删除文件“Debug\OpenGL.unsuccessfulbuild”。
         正在对“Debug\OpenGL.lastbuildstate”执行 Touch 任务。
     1>已完成生成项目“E:\projects\OpenGL-Project\OpenGL的路25-FrameBuffer(可用于后置处理)\OpenGL\OpenGL.vcxproj”(rebuild 个目标)的操作。

生成成功。

已用时间 00:00:01.64
