E:\PROJECTS\OPENGL-PROJECT\OPENGL的路19-OBJ模型加载\DEBUG\OPENGL.EXE
E:\PROJECTS\OPENGL-PROJECT\OPENGL的路19-OBJ模型加载\DEBUG\OPENGL.ILK
E:\PROJECTS\OPENGL-PROJECT\OPENGL的路19-OBJ模型加载\DEBUG\OPENGL.PDB
E:\PROJECTS\OPENGL-PROJECT\OPENGL的路19-OBJ模型加载\OPENGL\DEBUG\MAIN.OBJ
E:\PROJECTS\OPENGL-PROJECT\OPENGL的路19-OBJ模型加载\OPENGL\DEBUG\MAT.OBJ
E:\PROJECTS\OPENGL-PROJECT\OPENGL的路19-OBJ模型加载\OPENGL\DEBUG\OBJPARSER.OBJ
E:\PROJECTS\OPENGL-PROJECT\OPENGL的路19-OBJ模型加载\OPENGL\DEBUG\OPENGL.EXE.INTERMEDIATE.MANIFEST
E:\PROJECTS\OPENGL-PROJECT\OPENGL的路19-OBJ模型加载\OPENGL\DEBUG\SHADER.OBJ
E:\PROJECTS\OPENGL-PROJECT\OPENGL的路19-OBJ模型加载\OPENGL\DEBUG\TEXTURE.OBJ
E:\PROJECTS\OPENGL-PROJECT\OPENGL的路19-OBJ模型加载\OPENGL\DEBUG\VC100.PDB
E:\PROJECTS\OPENGL-PROJECT\OPENGL的路19-OBJ模型加载\OPENGL\DEBUG\VEC.OBJ
E:\projects\OpenGL-Project\OpenGL的路31-几何着色器(可视化法向量)\Debug\OpenGL.exe
E:\projects\OpenGL-Project\OpenGL的路31-几何着色器(可视化法向量)\Debug\OpenGL.ilk
E:\projects\OpenGL-Project\OpenGL的路31-几何着色器(可视化法向量)\Debug\OpenGL.pdb
E:\projects\OpenGL-Project\OpenGL的路31-几何着色器(可视化法向量)\OpenGL\Debug\cl.command.1.tlog
E:\projects\OpenGL-Project\OpenGL的路31-几何着色器(可视化法向量)\OpenGL\Debug\CL.read.1.tlog
E:\projects\OpenGL-Project\OpenGL的路31-几何着色器(可视化法向量)\OpenGL\Debug\CL.write.1.tlog
E:\projects\OpenGL-Project\OpenGL的路31-几何着色器(可视化法向量)\OpenGL\Debug\link.command.1.tlog
E:\projects\OpenGL-Project\OpenGL的路31-几何着色器(可视化法向量)\OpenGL\Debug\link.read.1.tlog
E:\projects\OpenGL-Project\OpenGL的路31-几何着色器(可视化法向量)\OpenGL\Debug\link.write.1.tlog
E:\projects\OpenGL-Project\OpenGL的路31-几何着色器(可视化法向量)\OpenGL\Debug\Main.obj
E:\projects\OpenGL-Project\OpenGL的路31-几何着色器(可视化法向量)\OpenGL\Debug\mat.obj
E:\projects\OpenGL-Project\OpenGL的路31-几何着色器(可视化法向量)\OpenGL\Debug\mt.command.1.tlog
E:\projects\OpenGL-Project\OpenGL的路31-几何着色器(可视化法向量)\OpenGL\Debug\mt.read.1.tlog
E:\projects\OpenGL-Project\OpenGL的路31-几何着色器(可视化法向量)\OpenGL\Debug\mt.write.1.tlog
E:\projects\OpenGL-Project\OpenGL的路31-几何着色器(可视化法向量)\OpenGL\Debug\ObjParser.obj
E:\projects\OpenGL-Project\OpenGL的路31-几何着色器(可视化法向量)\OpenGL\Debug\OpenGL.exe.intermediate.manifest
E:\projects\OpenGL-Project\OpenGL的路31-几何着色器(可视化法向量)\OpenGL\Debug\OpenGL.vcxprojResolveAssemblyReference.cache
E:\projects\OpenGL-Project\OpenGL的路31-几何着色器(可视化法向量)\OpenGL\Debug\OpenGL.write.1.tlog
E:\projects\OpenGL-Project\OpenGL的路31-几何着色器(可视化法向量)\OpenGL\Debug\Shader.obj
E:\projects\OpenGL-Project\OpenGL的路31-几何着色器(可视化法向量)\OpenGL\Debug\Texture.obj
E:\projects\OpenGL-Project\OpenGL的路31-几何着色器(可视化法向量)\OpenGL\Debug\vc100.idb
E:\projects\OpenGL-Project\OpenGL的路31-几何着色器(可视化法向量)\OpenGL\Debug\vc100.pdb
E:\projects\OpenGL-Project\OpenGL的路31-几何着色器(可视化法向量)\OpenGL\Debug\vec.obj
E:\PROJECTS\OPENGL-PROJECT\OPENGL的路31-几何着色器\DEBUG\OPENGL.EXE
E:\PROJECTS\OPENGL-PROJECT\OPENGL的路31-几何着色器\DEBUG\OPENGL.ILK
E:\PROJECTS\OPENGL-PROJECT\OPENGL的路31-几何着色器\DEBUG\OPENGL.PDB
E:\PROJECTS\OPENGL-PROJECT\OPENGL的路31-几何着色器\OPENGL\DEBUG\MAIN.OBJ
E:\PROJECTS\OPENGL-PROJECT\OPENGL的路31-几何着色器\OPENGL\DEBUG\MAT.OBJ
E:\PROJECTS\OPENGL-PROJECT\OPENGL的路31-几何着色器\OPENGL\DEBUG\OBJPARSER.OBJ
E:\PROJECTS\OPENGL-PROJECT\OPENGL的路31-几何着色器\OPENGL\DEBUG\OPENGL.EXE.INTERMEDIATE.MANIFEST
E:\PROJECTS\OPENGL-PROJECT\OPENGL的路31-几何着色器\OPENGL\DEBUG\SHADER.OBJ
E:\PROJECTS\OPENGL-PROJECT\OPENGL的路31-几何着色器\OPENGL\DEBUG\TEXTURE.OBJ
E:\PROJECTS\OPENGL-PROJECT\OPENGL的路31-几何着色器\OPENGL\DEBUG\VC100.PDB
E:\PROJECTS\OPENGL-PROJECT\OPENGL的路31-几何着色器\OPENGL\DEBUG\VEC.OBJ
