E:\PROJECTS\OPENGL-PROJECT\OPENGL的路09-相机_真正的3D\DEBUG\OPENGL.EXE
E:\PROJECTS\OPENGL-PROJECT\OPENGL的路09-相机_真正的3D\DEBUG\OPENGL.ILK
E:\PROJECTS\OPENGL-PROJECT\OPENGL的路09-相机_真正的3D\DEBUG\OPENGL.PDB
E:\PROJECTS\OPENGL-PROJECT\OPENGL的路09-相机_真正的3D\OPENGL\DEBUG\MAIN.OBJ
E:\PROJECTS\OPENGL-PROJECT\OPENGL的路09-相机_真正的3D\OPENGL\DEBUG\MAT.OBJ
E:\PROJECTS\OPENGL-PROJECT\OPENGL的路09-相机_真正的3D\OPENGL\DEBUG\OPENGL.EXE.INTERMEDIATE.MANIFEST
E:\PROJECTS\OPENGL-PROJECT\OPENGL的路09-相机_真正的3D\OPENGL\DEBUG\SHADER.OBJ
E:\PROJECTS\OPENGL-PROJECT\OPENGL的路09-相机_真正的3D\OPENGL\DEBUG\VC100.PDB
E:\PROJECTS\OPENGL-PROJECT\OPENGL的路10-移动在多个物体中\DEBUG\OPENGL.EXE
E:\PROJECTS\OPENGL-PROJECT\OPENGL的路10-移动在多个物体中\DEBUG\OPENGL.ILK
E:\PROJECTS\OPENGL-PROJECT\OPENGL的路10-移动在多个物体中\DEBUG\OPENGL.PDB
E:\PROJECTS\OPENGL-PROJECT\OPENGL的路10-移动在多个物体中\OPENGL\DEBUG\MAIN.OBJ
E:\PROJECTS\OPENGL-PROJECT\OPENGL的路10-移动在多个物体中\OPENGL\DEBUG\MAT.OBJ
E:\PROJECTS\OPENGL-PROJECT\OPENGL的路10-移动在多个物体中\OPENGL\DEBUG\OPENGL.EXE.INTERMEDIATE.MANIFEST
E:\PROJECTS\OPENGL-PROJECT\OPENGL的路10-移动在多个物体中\OPENGL\DEBUG\SHADER.OBJ
E:\PROJECTS\OPENGL-PROJECT\OPENGL的路10-移动在多个物体中\OPENGL\DEBUG\VC100.PDB
E:\PROJECTS\OPENGL-PROJECT\OPENGL的路37-法线贴图(NORMALMAPPING)\DEBUG\OPENGL.EXE
E:\PROJECTS\OPENGL-PROJECT\OPENGL的路37-法线贴图(NORMALMAPPING)\DEBUG\OPENGL.ILK
E:\PROJECTS\OPENGL-PROJECT\OPENGL的路37-法线贴图(NORMALMAPPING)\DEBUG\OPENGL.PDB
E:\projects\OpenGL-Project\OpenGL的路37-法线贴图(NormalMapping)\OpenGL\Debug\cl.command.1.tlog
E:\projects\OpenGL-Project\OpenGL的路37-法线贴图(NormalMapping)\OpenGL\Debug\CL.read.1.tlog
E:\projects\OpenGL-Project\OpenGL的路37-法线贴图(NormalMapping)\OpenGL\Debug\CL.write.1.tlog
E:\projects\OpenGL-Project\OpenGL的路37-法线贴图(NormalMapping)\OpenGL\Debug\link.command.1.tlog
E:\projects\OpenGL-Project\OpenGL的路37-法线贴图(NormalMapping)\OpenGL\Debug\link.read.1.tlog
E:\projects\OpenGL-Project\OpenGL的路37-法线贴图(NormalMapping)\OpenGL\Debug\link.write.1.tlog
E:\PROJECTS\OPENGL-PROJECT\OPENGL的路37-法线贴图(NORMALMAPPING)\OPENGL\DEBUG\MAIN.OBJ
E:\PROJECTS\OPENGL-PROJECT\OPENGL的路37-法线贴图(NORMALMAPPING)\OPENGL\DEBUG\MAT.OBJ
E:\projects\OpenGL-Project\OpenGL的路37-法线贴图(NormalMapping)\OpenGL\Debug\mt.command.1.tlog
E:\projects\OpenGL-Project\OpenGL的路37-法线贴图(NormalMapping)\OpenGL\Debug\mt.read.1.tlog
E:\projects\OpenGL-Project\OpenGL的路37-法线贴图(NormalMapping)\OpenGL\Debug\mt.write.1.tlog
E:\PROJECTS\OPENGL-PROJECT\OPENGL的路37-法线贴图(NORMALMAPPING)\OPENGL\DEBUG\OPENGL.EXE.INTERMEDIATE.MANIFEST
E:\projects\OpenGL-Project\OpenGL的路37-法线贴图(NormalMapping)\OpenGL\Debug\OpenGL.vcxprojResolveAssemblyReference.cache
E:\projects\OpenGL-Project\OpenGL的路37-法线贴图(NormalMapping)\OpenGL\Debug\OpenGL.write.1.tlog
E:\PROJECTS\OPENGL-PROJECT\OPENGL的路37-法线贴图(NORMALMAPPING)\OPENGL\DEBUG\SHADER.OBJ
E:\projects\OpenGL-Project\OpenGL的路37-法线贴图(NormalMapping)\OpenGL\Debug\vc100.idb
E:\PROJECTS\OPENGL-PROJECT\OPENGL的路37-法线贴图(NORMALMAPPING)\OPENGL\DEBUG\VC100.PDB
