E:\PROJECTS\OPENGL-PROJECT\OPENGL的路20-深度缓存\DEBUG\OPENGL.EXE
E:\PROJECTS\OPENGL-PROJECT\OPENGL的路20-深度缓存\DEBUG\OPENGL.ILK
E:\PROJECTS\OPENGL-PROJECT\OPENGL的路20-深度缓存\DEBUG\OPENGL.PDB
E:\PROJECTS\OPENGL-PROJECT\OPENGL的路20-深度缓存\OPENGL\DEBUG\MAIN.OBJ
E:\PROJECTS\OPENGL-PROJECT\OPENGL的路20-深度缓存\OPENGL\DEBUG\MAT.OBJ
E:\PROJECTS\OPENGL-PROJECT\OPENGL的路20-深度缓存\OPENGL\DEBUG\OPENGL.EXE.INTERMEDIATE.MANIFEST
E:\PROJECTS\OPENGL-PROJECT\OPENGL的路20-深度缓存\OPENGL\DEBUG\SHADER.OBJ
E:\PROJECTS\OPENGL-PROJECT\OPENGL的路20-深度缓存\OPENGL\DEBUG\TEXTURE.OBJ
E:\PROJECTS\OPENGL-PROJECT\OPENGL的路20-深度缓存\OPENGL\DEBUG\VC100.PDB
E:\PROJECTS\OPENGL-PROJECT\OPENGL的路35-阴影(SHADOWMAPPING)\DEBUG\OPENGL.EXE
E:\PROJECTS\OPENGL-PROJECT\OPENGL的路35-阴影(SHADOWMAPPING)\DEBUG\OPENGL.ILK
E:\PROJECTS\OPENGL-PROJECT\OPENGL的路35-阴影(SHADOWMAPPING)\DEBUG\OPENGL.PDB
E:\projects\OpenGL-Project\OpenGL的路35-阴影(ShadowMapping)\OpenGL\Debug\cl.command.1.tlog
E:\projects\OpenGL-Project\OpenGL的路35-阴影(ShadowMapping)\OpenGL\Debug\CL.read.1.tlog
E:\projects\OpenGL-Project\OpenGL的路35-阴影(ShadowMapping)\OpenGL\Debug\CL.write.1.tlog
E:\projects\OpenGL-Project\OpenGL的路35-阴影(ShadowMapping)\OpenGL\Debug\link.command.1.tlog
E:\projects\OpenGL-Project\OpenGL的路35-阴影(ShadowMapping)\OpenGL\Debug\link.read.1.tlog
E:\projects\OpenGL-Project\OpenGL的路35-阴影(ShadowMapping)\OpenGL\Debug\link.write.1.tlog
E:\PROJECTS\OPENGL-PROJECT\OPENGL的路35-阴影(SHADOWMAPPING)\OPENGL\DEBUG\MAIN.OBJ
E:\PROJECTS\OPENGL-PROJECT\OPENGL的路35-阴影(SHADOWMAPPING)\OPENGL\DEBUG\MAT.OBJ
E:\projects\OpenGL-Project\OpenGL的路35-阴影(ShadowMapping)\OpenGL\Debug\mt.command.1.tlog
E:\projects\OpenGL-Project\OpenGL的路35-阴影(ShadowMapping)\OpenGL\Debug\mt.read.1.tlog
E:\projects\OpenGL-Project\OpenGL的路35-阴影(ShadowMapping)\OpenGL\Debug\mt.write.1.tlog
E:\PROJECTS\OPENGL-PROJECT\OPENGL的路35-阴影(SHADOWMAPPING)\OPENGL\DEBUG\OPENGL.EXE.INTERMEDIATE.MANIFEST
E:\projects\OpenGL-Project\OpenGL的路35-阴影(ShadowMapping)\OpenGL\Debug\OpenGL.vcxprojResolveAssemblyReference.cache
E:\projects\OpenGL-Project\OpenGL的路35-阴影(ShadowMapping)\OpenGL\Debug\OpenGL.write.1.tlog
E:\PROJECTS\OPENGL-PROJECT\OPENGL的路35-阴影(SHADOWMAPPING)\OPENGL\DEBUG\SHADER.OBJ
E:\PROJECTS\OPENGL-PROJECT\OPENGL的路35-阴影(SHADOWMAPPING)\OPENGL\DEBUG\TEXTURE.OBJ
E:\projects\OpenGL-Project\OpenGL的路35-阴影(ShadowMapping)\OpenGL\Debug\vc100.idb
E:\PROJECTS\OPENGL-PROJECT\OPENGL的路35-阴影(SHADOWMAPPING)\OPENGL\DEBUG\VC100.PDB
