E:\PROJECTS\OPENGL-PROJECT\OPENGL的路17-多光照_平行光_点光源_聚光灯\DEBUG\OPENGL.EXE
E:\PROJECTS\OPENGL-PROJECT\OPENGL的路17-多光照_平行光_点光源_聚光灯\DEBUG\OPENGL.ILK
E:\PROJECTS\OPENGL-PROJECT\OPENGL的路17-多光照_平行光_点光源_聚光灯\DEBUG\OPENGL.PDB
E:\PROJECTS\OPENGL-PROJECT\OPENGL的路17-多光照_平行光_点光源_聚光灯\OPENGL\DEBUG\MAIN.OBJ
E:\PROJECTS\OPENGL-PROJECT\OPENGL的路17-多光照_平行光_点光源_聚光灯\OPENGL\DEBUG\MAT.OBJ
E:\PROJECTS\OPENGL-PROJECT\OPENGL的路17-多光照_平行光_点光源_聚光灯\OPENGL\DEBUG\OPENGL.EXE.INTERMEDIATE.MANIFEST
E:\PROJECTS\OPENGL-PROJECT\OPENGL的路17-多光照_平行光_点光源_聚光灯\OPENGL\DEBUG\SHADER.OBJ
E:\PROJECTS\OPENGL-PROJECT\OPENGL的路17-多光照_平行光_点光源_聚光灯\OPENGL\DEBUG\TEXTURE.OBJ
E:\PROJECTS\OPENGL-PROJECT\OPENGL的路17-多光照_平行光_点光源_聚光灯\OPENGL\DEBUG\VC100.PDB
E:\PROJECTS\OPENGL-PROJECT\OPENGL的路18-多光照_平行光_点光源_聚光灯\DEBUG\OPENGL.EXE
E:\PROJECTS\OPENGL-PROJECT\OPENGL的路18-多光照_平行光_点光源_聚光灯\DEBUG\OPENGL.ILK
E:\PROJECTS\OPENGL-PROJECT\OPENGL的路18-多光照_平行光_点光源_聚光灯\DEBUG\OPENGL.PDB
E:\projects\OpenGL-Project\OpenGL的路18-多光照_平行光_点光源_聚光灯\OpenGL\Debug\cl.command.1.tlog
E:\projects\OpenGL-Project\OpenGL的路18-多光照_平行光_点光源_聚光灯\OpenGL\Debug\CL.read.1.tlog
E:\projects\OpenGL-Project\OpenGL的路18-多光照_平行光_点光源_聚光灯\OpenGL\Debug\CL.write.1.tlog
E:\projects\OpenGL-Project\OpenGL的路18-多光照_平行光_点光源_聚光灯\OpenGL\Debug\link.command.1.tlog
E:\projects\OpenGL-Project\OpenGL的路18-多光照_平行光_点光源_聚光灯\OpenGL\Debug\link.read.1.tlog
E:\projects\OpenGL-Project\OpenGL的路18-多光照_平行光_点光源_聚光灯\OpenGL\Debug\link.write.1.tlog
E:\PROJECTS\OPENGL-PROJECT\OPENGL的路18-多光照_平行光_点光源_聚光灯\OPENGL\DEBUG\MAIN.OBJ
E:\PROJECTS\OPENGL-PROJECT\OPENGL的路18-多光照_平行光_点光源_聚光灯\OPENGL\DEBUG\MAT.OBJ
E:\projects\OpenGL-Project\OpenGL的路18-多光照_平行光_点光源_聚光灯\OpenGL\Debug\mt.command.1.tlog
E:\projects\OpenGL-Project\OpenGL的路18-多光照_平行光_点光源_聚光灯\OpenGL\Debug\mt.read.1.tlog
E:\projects\OpenGL-Project\OpenGL的路18-多光照_平行光_点光源_聚光灯\OpenGL\Debug\mt.write.1.tlog
E:\PROJECTS\OPENGL-PROJECT\OPENGL的路18-多光照_平行光_点光源_聚光灯\OPENGL\DEBUG\OPENGL.EXE.INTERMEDIATE.MANIFEST
E:\projects\OpenGL-Project\OpenGL的路18-多光照_平行光_点光源_聚光灯\OpenGL\Debug\OpenGL.vcxprojResolveAssemblyReference.cache
E:\projects\OpenGL-Project\OpenGL的路18-多光照_平行光_点光源_聚光灯\OpenGL\Debug\OpenGL.write.1.tlog
E:\PROJECTS\OPENGL-PROJECT\OPENGL的路18-多光照_平行光_点光源_聚光灯\OPENGL\DEBUG\SHADER.OBJ
E:\PROJECTS\OPENGL-PROJECT\OPENGL的路18-多光照_平行光_点光源_聚光灯\OPENGL\DEBUG\TEXTURE.OBJ
E:\projects\OpenGL-Project\OpenGL的路18-多光照_平行光_点光源_聚光灯\OpenGL\Debug\vc100.idb
E:\PROJECTS\OPENGL-PROJECT\OPENGL的路18-多光照_平行光_点光源_聚光灯\OPENGL\DEBUG\VC100.PDB
