E:\PROJECTS\OPENGL-PROJECT\OPENGL的路11-简单光照PHONESHADING\DEBUG\OPENGL.EXE
E:\PROJECTS\OPENGL-PROJECT\OPENGL的路11-简单光照PHONESHADING\DEBUG\OPENGL.ILK
E:\PROJECTS\OPENGL-PROJECT\OPENGL的路11-简单光照PHONESHADING\DEBUG\OPENGL.PDB
E:\PROJECTS\OPENGL-PROJECT\OPENGL的路11-简单光照PHONESHADING\OPENGL\DEBUG\MAIN.OBJ
E:\PROJECTS\OPENGL-PROJECT\OPENGL的路11-简单光照PHONESHADING\OPENGL\DEBUG\MAT.OBJ
E:\PROJECTS\OPENGL-PROJECT\OPENGL的路11-简单光照PHONESHADING\OPENGL\DEBUG\OPENGL.EXE.INTERMEDIATE.MANIFEST
E:\PROJECTS\OPENGL-PROJECT\OPENGL的路11-简单光照PHONESHADING\OPENGL\DEBUG\SHADER.OBJ
E:\PROJECTS\OPENGL-PROJECT\OPENGL的路11-简单光照PHONESHADING\OPENGL\DEBUG\VC100.PDB
E:\PROJECTS\OPENGL-PROJECT\OPENGL的路33-高级光照\DEBUG\OPENGL.EXE
E:\PROJECTS\OPENGL-PROJECT\OPENGL的路33-高级光照\DEBUG\OPENGL.ILK
E:\PROJECTS\OPENGL-PROJECT\OPENGL的路33-高级光照\DEBUG\OPENGL.PDB
E:\projects\OpenGL-Project\OpenGL的路33-高级光照\OpenGL\Debug\cl.command.1.tlog
E:\projects\OpenGL-Project\OpenGL的路33-高级光照\OpenGL\Debug\CL.read.1.tlog
E:\projects\OpenGL-Project\OpenGL的路33-高级光照\OpenGL\Debug\CL.write.1.tlog
E:\projects\OpenGL-Project\OpenGL的路33-高级光照\OpenGL\Debug\link.command.1.tlog
E:\projects\OpenGL-Project\OpenGL的路33-高级光照\OpenGL\Debug\link.read.1.tlog
E:\projects\OpenGL-Project\OpenGL的路33-高级光照\OpenGL\Debug\link.write.1.tlog
E:\PROJECTS\OPENGL-PROJECT\OPENGL的路33-高级光照\OPENGL\DEBUG\MAIN.OBJ
E:\PROJECTS\OPENGL-PROJECT\OPENGL的路33-高级光照\OPENGL\DEBUG\MAT.OBJ
E:\projects\OpenGL-Project\OpenGL的路33-高级光照\OpenGL\Debug\mt.command.1.tlog
E:\projects\OpenGL-Project\OpenGL的路33-高级光照\OpenGL\Debug\mt.read.1.tlog
E:\projects\OpenGL-Project\OpenGL的路33-高级光照\OpenGL\Debug\mt.write.1.tlog
E:\PROJECTS\OPENGL-PROJECT\OPENGL的路33-高级光照\OPENGL\DEBUG\OPENGL.EXE.INTERMEDIATE.MANIFEST
E:\projects\OpenGL-Project\OpenGL的路33-高级光照\OpenGL\Debug\OpenGL.vcxprojResolveAssemblyReference.cache
E:\projects\OpenGL-Project\OpenGL的路33-高级光照\OpenGL\Debug\OpenGL.write.1.tlog
E:\PROJECTS\OPENGL-PROJECT\OPENGL的路33-高级光照\OPENGL\DEBUG\SHADER.OBJ
E:\projects\OpenGL-Project\OpenGL的路33-高级光照\OpenGL\Debug\vc100.idb
E:\PROJECTS\OPENGL-PROJECT\OPENGL的路33-高级光照\OPENGL\DEBUG\VC100.PDB
