C:\USERS\SMALLPI\DOCUMENTS\VISUAL STUDIO 2010\OPENGL-PROJECT\OPENGL的路01-第一个三角形\DEBUG\OPENGL.EXE
C:\USERS\SMALLPI\DOCUMENTS\VISUAL STUDIO 2010\OPENGL-PROJECT\OPENGL的路01-第一个三角形\DEBUG\OPENGL.ILK
C:\USERS\SMALLPI\DOCUMENTS\VISUAL STUDIO 2010\OPENGL-PROJECT\OPENGL的路01-第一个三角形\DEBUG\OPENGL.PDB
C:\USERS\SMALLPI\DOCUMENTS\VISUAL STUDIO 2010\OPENGL-PROJECT\OPENGL的路01-第一个三角形\OPENGL\DEBUG\MAIN.OBJ
C:\USERS\SMALLPI\DOCUMENTS\VISUAL STUDIO 2010\OPENGL-PROJECT\OPENGL的路01-第一个三角形\OPENGL\DEBUG\OPENGL.EXE.INTERMEDIATE.MANIFEST
C:\USERS\SMALLPI\DOCUMENTS\VISUAL STUDIO 2010\OPENGL-PROJECT\OPENGL的路01-第一个三角形\OPENGL\DEBUG\SHADER.OBJ
C:\USERS\SMALLPI\DOCUMENTS\VISUAL STUDIO 2010\OPENGL-PROJECT\OPENGL的路01-第一个三角形\OPENGL\DEBUG\VC100.PDB
C:\USERS\SMALLPI\DOCUMENTS\VISUAL STUDIO 2010\OPENGL-PROJECT\OPENGL的路02-ELEMENT绘制\DEBUG\OPENGL.EXE
C:\USERS\SMALLPI\DOCUMENTS\VISUAL STUDIO 2010\OPENGL-PROJECT\OPENGL的路02-ELEMENT绘制\DEBUG\OPENGL.ILK
C:\USERS\SMALLPI\DOCUMENTS\VISUAL STUDIO 2010\OPENGL-PROJECT\OPENGL的路02-ELEMENT绘制\DEBUG\OPENGL.PDB
C:\USERS\SMALLPI\DOCUMENTS\VISUAL STUDIO 2010\OPENGL-PROJECT\OPENGL的路02-ELEMENT绘制\OPENGL\DEBUG\MAIN.OBJ
C:\USERS\SMALLPI\DOCUMENTS\VISUAL STUDIO 2010\OPENGL-PROJECT\OPENGL的路02-ELEMENT绘制\OPENGL\DEBUG\OPENGL.EXE.INTERMEDIATE.MANIFEST
C:\USERS\SMALLPI\DOCUMENTS\VISUAL STUDIO 2010\OPENGL-PROJECT\OPENGL的路02-ELEMENT绘制\OPENGL\DEBUG\SHADER.OBJ
C:\USERS\SMALLPI\DOCUMENTS\VISUAL STUDIO 2010\OPENGL-PROJECT\OPENGL的路02-ELEMENT绘制\OPENGL\DEBUG\VC100.PDB
C:\USERS\SMALLPI\DOCUMENTS\VISUAL STUDIO 2010\OPENGL-PROJECT\OPENGL的路03-SHADER间传递数据绘制彩色矩形\DEBUG\OPENGL.EXE
C:\USERS\SMALLPI\DOCUMENTS\VISUAL STUDIO 2010\OPENGL-PROJECT\OPENGL的路03-SHADER间传递数据绘制彩色矩形\DEBUG\OPENGL.ILK
C:\USERS\SMALLPI\DOCUMENTS\VISUAL STUDIO 2010\OPENGL-PROJECT\OPENGL的路03-SHADER间传递数据绘制彩色矩形\DEBUG\OPENGL.PDB
C:\USERS\SMALLPI\DOCUMENTS\VISUAL STUDIO 2010\OPENGL-PROJECT\OPENGL的路03-SHADER间传递数据绘制彩色矩形\OPENGL\DEBUG\MAIN.OBJ
C:\USERS\SMALLPI\DOCUMENTS\VISUAL STUDIO 2010\OPENGL-PROJECT\OPENGL的路03-SHADER间传递数据绘制彩色矩形\OPENGL\DEBUG\OPENGL.EXE.INTERMEDIATE.MANIFEST
C:\USERS\SMALLPI\DOCUMENTS\VISUAL STUDIO 2010\OPENGL-PROJECT\OPENGL的路03-SHADER间传递数据绘制彩色矩形\OPENGL\DEBUG\SHADER.OBJ
C:\USERS\SMALLPI\DOCUMENTS\VISUAL STUDIO 2010\OPENGL-PROJECT\OPENGL的路03-SHADER间传递数据绘制彩色矩形\OPENGL\DEBUG\VC100.PDB
C:\USERS\SMALLPI\DOCUMENTS\VISUAL STUDIO 2010\OPENGL-PROJECT\OPENGL的路05-尝试纹理贴图\DEBUG\OPENGL.EXE
C:\USERS\SMALLPI\DOCUMENTS\VISUAL STUDIO 2010\OPENGL-PROJECT\OPENGL的路05-尝试纹理贴图\DEBUG\OPENGL.ILK
C:\USERS\SMALLPI\DOCUMENTS\VISUAL STUDIO 2010\OPENGL-PROJECT\OPENGL的路05-尝试纹理贴图\DEBUG\OPENGL.PDB
C:\USERS\SMALLPI\DOCUMENTS\VISUAL STUDIO 2010\OPENGL-PROJECT\OPENGL的路05-尝试纹理贴图\OPENGL\DEBUG\MAIN.OBJ
C:\USERS\SMALLPI\DOCUMENTS\VISUAL STUDIO 2010\OPENGL-PROJECT\OPENGL的路05-尝试纹理贴图\OPENGL\DEBUG\OPENGL.EXE.INTERMEDIATE.MANIFEST
C:\USERS\SMALLPI\DOCUMENTS\VISUAL STUDIO 2010\OPENGL-PROJECT\OPENGL的路05-尝试纹理贴图\OPENGL\DEBUG\SHADER.OBJ
C:\USERS\SMALLPI\DOCUMENTS\VISUAL STUDIO 2010\OPENGL-PROJECT\OPENGL的路05-尝试纹理贴图\OPENGL\DEBUG\VC100.PDB
C:\USERS\SMALLPI\DOCUMENTS\VISUAL STUDIO 2010\OPENGL-PROJECT\OPENGL的路07-多重纹理\DEBUG\OPENGL.EXE
C:\USERS\SMALLPI\DOCUMENTS\VISUAL STUDIO 2010\OPENGL-PROJECT\OPENGL的路07-多重纹理\DEBUG\OPENGL.ILK
C:\USERS\SMALLPI\DOCUMENTS\VISUAL STUDIO 2010\OPENGL-PROJECT\OPENGL的路07-多重纹理\DEBUG\OPENGL.PDB
C:\USERS\SMALLPI\DOCUMENTS\VISUAL STUDIO 2010\OPENGL-PROJECT\OPENGL的路07-多重纹理\OPENGL\DEBUG\MAIN.OBJ
C:\USERS\SMALLPI\DOCUMENTS\VISUAL STUDIO 2010\OPENGL-PROJECT\OPENGL的路07-多重纹理\OPENGL\DEBUG\OPENGL.EXE.INTERMEDIATE.MANIFEST
C:\USERS\SMALLPI\DOCUMENTS\VISUAL STUDIO 2010\OPENGL-PROJECT\OPENGL的路07-多重纹理\OPENGL\DEBUG\SHADER.OBJ
C:\USERS\SMALLPI\DOCUMENTS\VISUAL STUDIO 2010\OPENGL-PROJECT\OPENGL的路07-多重纹理\OPENGL\DEBUG\VC100.PDB
C:\USERS\SMALLPI\DOCUMENTS\VISUAL STUDIO 2010\PROJECTS\OPENGL\DEBUG\OPENGL.EXE
C:\USERS\SMALLPI\DOCUMENTS\VISUAL STUDIO 2010\PROJECTS\OPENGL\DEBUG\OPENGL.ILK
C:\USERS\SMALLPI\DOCUMENTS\VISUAL STUDIO 2010\PROJECTS\OPENGL\DEBUG\OPENGL.PDB
C:\USERS\SMALLPI\DOCUMENTS\VISUAL STUDIO 2010\PROJECTS\OPENGL\OPENGL\DEBUG\MAIN.OBJ
C:\USERS\SMALLPI\DOCUMENTS\VISUAL STUDIO 2010\PROJECTS\OPENGL\OPENGL\DEBUG\OPENGL.EXE.INTERMEDIATE.MANIFEST
C:\USERS\SMALLPI\DOCUMENTS\VISUAL STUDIO 2010\PROJECTS\OPENGL\OPENGL\DEBUG\VC100.PDB
E:\PROJECTS\OPENGL-PROJECT\OPENGL的路07-多重纹理\DEBUG\OPENGL.EXE
E:\PROJECTS\OPENGL-PROJECT\OPENGL的路07-多重纹理\DEBUG\OPENGL.ILK
E:\PROJECTS\OPENGL-PROJECT\OPENGL的路07-多重纹理\DEBUG\OPENGL.PDB
E:\projects\OpenGL-Project\OpenGL的路07-多重纹理\OpenGL\Debug\cl.command.1.tlog
E:\projects\OpenGL-Project\OpenGL的路07-多重纹理\OpenGL\Debug\CL.read.1.tlog
E:\projects\OpenGL-Project\OpenGL的路07-多重纹理\OpenGL\Debug\CL.write.1.tlog
E:\projects\OpenGL-Project\OpenGL的路07-多重纹理\OpenGL\Debug\link.command.1.tlog
E:\projects\OpenGL-Project\OpenGL的路07-多重纹理\OpenGL\Debug\link.read.1.tlog
E:\projects\OpenGL-Project\OpenGL的路07-多重纹理\OpenGL\Debug\link.write.1.tlog
E:\PROJECTS\OPENGL-PROJECT\OPENGL的路07-多重纹理\OPENGL\DEBUG\MAIN.OBJ
E:\projects\OpenGL-Project\OpenGL的路07-多重纹理\OpenGL\Debug\mt.command.1.tlog
E:\projects\OpenGL-Project\OpenGL的路07-多重纹理\OpenGL\Debug\mt.read.1.tlog
E:\projects\OpenGL-Project\OpenGL的路07-多重纹理\OpenGL\Debug\mt.write.1.tlog
E:\PROJECTS\OPENGL-PROJECT\OPENGL的路07-多重纹理\OPENGL\DEBUG\OPENGL.EXE.INTERMEDIATE.MANIFEST
E:\projects\OpenGL-Project\OpenGL的路07-多重纹理\OpenGL\Debug\OpenGL.vcxprojResolveAssemblyReference.cache
E:\projects\OpenGL-Project\OpenGL的路07-多重纹理\OpenGL\Debug\OpenGL.write.1.tlog
E:\PROJECTS\OPENGL-PROJECT\OPENGL的路07-多重纹理\OPENGL\DEBUG\SHADER.OBJ
E:\projects\OpenGL-Project\OpenGL的路07-多重纹理\OpenGL\Debug\vc100.idb
E:\PROJECTS\OPENGL-PROJECT\OPENGL的路07-多重纹理\OPENGL\DEBUG\VC100.PDB
