生成启动时间为 2017/8/22 16:05:54。
     1>项目“E:\projects\OpenGL-Project\OpenGL的路07-多重纹理\OpenGL\OpenGL.vcxproj”在节点 2 上(rebuild 个目标)。
     1>_PrepareForClean:
         正在删除文件“Debug\OpenGL.lastbuildstate”。
       InitializeBuildStatus:
         正在创建“Debug\OpenGL.unsuccessfulbuild”，因为已指定“AlwaysCreate”。
       ClCompile:
         D:\software\VS2010\VC\bin\CL.exe /c /ZI /nologo /W3 /WX- /Od /Oy- /D _MBCS /Gm /EHsc /RTC1 /MDd /GS /fp:precise /Zc:wchar_t /Zc:forScope /Fo"Debug\\" /Fd"Debug\vc100.pdb" /Gd /TP /analyze- /errorReport:prompt Main.cpp Shader.cpp
         Shader.cpp
         Main.cpp
     1>e:\projects\opengl-project\opengl的路07-多重纹理\opengl\main.cpp(44): warning C4101: “a”: 未引用的局部变量
         正在生成代码...
       Link:
         D:\software\VS2010\VC\bin\link.exe /ERRORREPORT:PROMPT /OUT:"E:\projects\OpenGL-Project\OpenGL的路07-多重纹理\Debug\OpenGL.exe" /NOLOGO opengl32.lib glfw3.lib glew32.lib kernel32.lib user32.lib gdi32.lib winspool.lib comdlg32.lib advapi32.lib shell32.lib ole32.lib oleaut32.lib uuid.lib odbc32.lib odbccp32.lib /MANIFEST /ManifestFile:"Debug\OpenGL.exe.intermediate.manifest" /MANIFESTUAC:"level='asInvoker' uiAccess='false'" /DEBUG /PDB:"E:\projects\OpenGL-Project\OpenGL的路07-多重纹理\Debug\OpenGL.pdb" /TLBID:1 /DYNAMICBASE /NXCOMPAT /IMPLIB:"E:\projects\OpenGL-Project\OpenGL的路07-多重纹理\Debug\OpenGL.lib" /MACHINE:X86 Debug\Main.obj
         Debug\Shader.obj
         glew32.lib
         glfw3.lib
     1>LINK : warning LNK4098: 默认库“MSVCRT”与其他库的使用冲突；请使用 /NODEFAULTLIB:library
         OpenGL.vcxproj -> E:\projects\OpenGL-Project\OpenGL的路07-多重纹理\Debug\OpenGL.exe
       Manifest:
         c:\Program Files (x86)\Microsoft SDKs\Windows\v7.0A\bin\mt.exe /nologo /verbose /outputresource:"E:\projects\OpenGL-Project\OpenGL的路07-多重纹理\Debug\OpenGL.exe;#1" /manifest Debug\OpenGL.exe.intermediate.manifest
       FinalizeBuildStatus:
         正在删除文件“Debug\OpenGL.unsuccessfulbuild”。
         正在对“Debug\OpenGL.lastbuildstate”执行 Touch 任务。
     1>已完成生成项目“E:\projects\OpenGL-Project\OpenGL的路07-多重纹理\OpenGL\OpenGL.vcxproj”(rebuild 个目标)的操作。

生成成功。

已用时间 00:00:01.43
