E:\PROJECTS\OPENGL-PROJECT\OPENGL的路26-CUBEMAP(SKYBOX贴图)\DEBUG\OPENGL.EXE
E:\PROJECTS\OPENGL-PROJECT\OPENGL的路26-CUBEMAP(SKYBOX贴图)\DEBUG\OPENGL.ILK
E:\PROJECTS\OPENGL-PROJECT\OPENGL的路26-CUBEMAP(SKYBOX贴图)\DEBUG\OPENGL.PDB
E:\PROJECTS\OPENGL-PROJECT\OPENGL的路26-CUBEMAP(SKYBOX贴图)\OPENGL\DEBUG\MAIN.OBJ
E:\PROJECTS\OPENGL-PROJECT\OPENGL的路26-CUBEMAP(SKYBOX贴图)\OPENGL\DEBUG\MAT.OBJ
E:\PROJECTS\OPENGL-PROJECT\OPENGL的路26-CUBEMAP(SKYBOX贴图)\OPENGL\DEBUG\OPENGL.EXE.INTERMEDIATE.MANIFEST
E:\PROJECTS\OPENGL-PROJECT\OPENGL的路26-CUBEMAP(SKYBOX贴图)\OPENGL\DEBUG\SHADER.OBJ
E:\PROJECTS\OPENGL-PROJECT\OPENGL的路26-CUBEMAP(SKYBOX贴图)\OPENGL\DEBUG\TEXTURE.OBJ
E:\PROJECTS\OPENGL-PROJECT\OPENGL的路26-CUBEMAP(SKYBOX贴图)\OPENGL\DEBUG\VC100.PDB
E:\PROJECTS\OPENGL-PROJECT\OPENGL的路26-ENVIRONMENTMAPPING(反射和折射)\DEBUG\OPENGL.EXE
E:\PROJECTS\OPENGL-PROJECT\OPENGL的路26-ENVIRONMENTMAPPING(反射和折射)\DEBUG\OPENGL.ILK
E:\PROJECTS\OPENGL-PROJECT\OPENGL的路26-ENVIRONMENTMAPPING(反射和折射)\DEBUG\OPENGL.PDB
E:\PROJECTS\OPENGL-PROJECT\OPENGL的路26-ENVIRONMENTMAPPING(反射和折射)\OPENGL\DEBUG\MAIN.OBJ
E:\PROJECTS\OPENGL-PROJECT\OPENGL的路26-ENVIRONMENTMAPPING(反射和折射)\OPENGL\DEBUG\MAT.OBJ
E:\PROJECTS\OPENGL-PROJECT\OPENGL的路26-ENVIRONMENTMAPPING(反射和折射)\OPENGL\DEBUG\OPENGL.EXE.INTERMEDIATE.MANIFEST
E:\PROJECTS\OPENGL-PROJECT\OPENGL的路26-ENVIRONMENTMAPPING(反射和折射)\OPENGL\DEBUG\SHADER.OBJ
E:\PROJECTS\OPENGL-PROJECT\OPENGL的路26-ENVIRONMENTMAPPING(反射和折射)\OPENGL\DEBUG\TEXTURE.OBJ
E:\PROJECTS\OPENGL-PROJECT\OPENGL的路26-ENVIRONMENTMAPPING(反射和折射)\OPENGL\DEBUG\VC100.PDB
E:\PROJECTS\OPENGL-PROJECT\OPENGL的路27-ENVIRONMENTMAPPING(反射和折射)\DEBUG\OPENGL.EXE
E:\PROJECTS\OPENGL-PROJECT\OPENGL的路27-ENVIRONMENTMAPPING(反射和折射)\DEBUG\OPENGL.ILK
E:\PROJECTS\OPENGL-PROJECT\OPENGL的路27-ENVIRONMENTMAPPING(反射和折射)\DEBUG\OPENGL.PDB
E:\projects\OpenGL-Project\OpenGL的路27-EnvironmentMapping(反射和折射)\OpenGL\Debug\cl.command.1.tlog
E:\projects\OpenGL-Project\OpenGL的路27-EnvironmentMapping(反射和折射)\OpenGL\Debug\CL.read.1.tlog
E:\projects\OpenGL-Project\OpenGL的路27-EnvironmentMapping(反射和折射)\OpenGL\Debug\CL.write.1.tlog
E:\projects\OpenGL-Project\OpenGL的路27-EnvironmentMapping(反射和折射)\OpenGL\Debug\link.command.1.tlog
E:\projects\OpenGL-Project\OpenGL的路27-EnvironmentMapping(反射和折射)\OpenGL\Debug\link.read.1.tlog
E:\projects\OpenGL-Project\OpenGL的路27-EnvironmentMapping(反射和折射)\OpenGL\Debug\link.write.1.tlog
E:\PROJECTS\OPENGL-PROJECT\OPENGL的路27-ENVIRONMENTMAPPING(反射和折射)\OPENGL\DEBUG\MAIN.OBJ
E:\PROJECTS\OPENGL-PROJECT\OPENGL的路27-ENVIRONMENTMAPPING(反射和折射)\OPENGL\DEBUG\MAT.OBJ
E:\projects\OpenGL-Project\OpenGL的路27-EnvironmentMapping(反射和折射)\OpenGL\Debug\mt.command.1.tlog
E:\projects\OpenGL-Project\OpenGL的路27-EnvironmentMapping(反射和折射)\OpenGL\Debug\mt.read.1.tlog
E:\projects\OpenGL-Project\OpenGL的路27-EnvironmentMapping(反射和折射)\OpenGL\Debug\mt.write.1.tlog
E:\PROJECTS\OPENGL-PROJECT\OPENGL的路27-ENVIRONMENTMAPPING(反射和折射)\OPENGL\DEBUG\OPENGL.EXE.INTERMEDIATE.MANIFEST
E:\projects\OpenGL-Project\OpenGL的路27-EnvironmentMapping(反射和折射)\OpenGL\Debug\OpenGL.vcxprojResolveAssemblyReference.cache
E:\projects\OpenGL-Project\OpenGL的路27-EnvironmentMapping(反射和折射)\OpenGL\Debug\OpenGL.write.1.tlog
E:\PROJECTS\OPENGL-PROJECT\OPENGL的路27-ENVIRONMENTMAPPING(反射和折射)\OPENGL\DEBUG\SHADER.OBJ
E:\PROJECTS\OPENGL-PROJECT\OPENGL的路27-ENVIRONMENTMAPPING(反射和折射)\OPENGL\DEBUG\TEXTURE.OBJ
E:\projects\OpenGL-Project\OpenGL的路27-EnvironmentMapping(反射和折射)\OpenGL\Debug\vc100.idb
E:\PROJECTS\OPENGL-PROJECT\OPENGL的路27-ENVIRONMENTMAPPING(反射和折射)\OPENGL\DEBUG\VC100.PDB
